Date:2015/07/08 16:26:21 |INFO    |/home/k_test/public_html/source/web/index.php:182[cmd]:../job/hg18.sh 
Date:2015/07/08 16:26:21 |INFO    |/home/k_test/public_html/source/web/lib/clsScreen.php:56: 
Date:2015/07/08 16:26:21 |INFO    |success 
Date:2015/07/08 16:26:22 |INFO    |/home/k_test/public_html/source/web/lib/clsScreen.php:56:CON (00,00) "CLEAR SCREEN"_



CON (01,20) "      担当得意先別　売上粗利集計表      "_



REV (01,20) (,60)_



CON (01,68) "DATE.  /  /"_



CON (01,73) "15"_



CON (01,76) "07"_



CON (01,79) "08"_



CON (12,25) "*************************"_



CON (13,25) "**                     **"_



CON (13,27) "  ソート処理実行中"_



CON (14,25) "*************************"_



 
Date:2015/07/08 16:26:24 |INFO    |/home/k_test/public_html/source/web/lib/clsScreen.php:56:CON (00,00) "CLEAR SCREEN"_



CON (01,20) "      担当得意先別　売上粗利集計表      "_



REV (01,20) (,60)_



CON (01,68) "DATE.  /  /"_



CON (01,73) "15"_



CON (01,76) "07"_



CON (01,79) "08"_



CON (12,25) "*************************"_



CON (13,25) "**                     **"_



CON (13,27) "  ソート処理実行中"_



CON (14,25) "*************************"_



 
Date:2015/07/08 16:26:27 |INFO    |/home/k_test/public_html/source/web/lib/clsScreen.php:56:CON (00,00) "CLEAR SCREEN"_



CON (01,20) "      担当得意先別　売上粗利集計表      "_



REV (01,20) (,60)_



CON (01,68) "DATE.  /  /"_



CON (01,73) "15"_



CON (01,76) "07"_



CON (01,79) "08"_



CON (12,25) "*************************"_



CON (13,25) "**                     **"_



CON (13,27) "  ソート処理実行中"_



CON (14,25) "*************************"_



 
Date:2015/07/08 16:26:29 |INFO    |/home/k_test/public_html/source/web/lib/clsScreen.php:56:CON (00,00) "CLEAR SCREEN"_



CON (01,20) "      担当得意先別　売上粗利集計表      "_



REV (01,20) (,60)_



CON (01,68) "DATE.  /  /"_



CON (01,73) "15"_



CON (01,76) "07"_



CON (01,79) "08"_



CON (12,25) "*************************"_



CON (13,25) "**                     **"_



CON (13,27) "  ソート処理実行中"_



CON (14,25) "*************************"_



 
Date:2015/07/08 16:26:32 |INFO    |/home/k_test/public_html/source/web/lib/clsScreen.php:56:CON (00,00) "CLEAR SCREEN"_



CON (01,20) "      担当得意先別　売上粗利集計表      "_



REV (01,20) (,60)_



CON (01,68) "DATE.  /  /"_



CON (01,73) "15"_



CON (01,76) "07"_



CON (01,79) "08"_



CON (12,25) "*************************"_



CON (13,25) "**                     **"_



CON (13,27) "  ソート処理実行中"_



CON (14,25) "*************************"_



 
Date:2015/07/08 16:26:34 |INFO    |/home/k_test/public_html/source/web/lib/clsScreen.php:56:CON (00,00) "CLEAR SCREEN"_



CON (01,20) "      担当得意先別　売上粗利集計表      "_



REV (01,20) (,60)_



CON (01,68) "DATE.  /  /"_



CON (01,73) "15"_



CON (01,76) "07"_



CON (01,79) "08"_



CON (12,25) "*************************"_



CON (13,25) "**                     **"_



CON (13,27) "  ソート処理実行中"_



CON (14,25) "*************************"_



CON (01,00) "CLEAR SCREEN"_



CON (03,10) "＊＊＊＊＊＊＊＊＊＊＊＊＊＊＊＊＊＊＊＊＊＊"_



CON (04,10) "＊＊＊＊＊＊＊＊＊＊＊＊＊＊＊＊＊＊＊＊＊＊"_



CON (05,10) "＊＊＊　　　　　　　　　　　　　　　　＊＊＊"_



CON (06,10) "＊＊＊　　担当得意先別　売上集計表　　＊＊＊"_



CON (07,10) "＊＊＊　　　　　　　　　　　　　　　　＊＊＊"_



CON (08,10) "＊＊＊＊＊＊＊＊＊＊＊＊＊＊＊＊＊＊＊＊＊＊"_



CON (09,10) "＊＊＊＊＊＊＊＊＊＊＊＊＊＊＊＊＊＊＊＊＊＊"_



CON (12,23) "担当ｺｰﾄﾞ  00 〜 99"_



CON (20,40) "確認  OK=1 NO=9   ﾘﾀｰﾝ"_



INP (12,33)(,35) 9 "A-STNC"_



 
Date:2015/07/08 16:26:37 |INFO    |/home/k_test/public_html/source/web/lib/clsScreen.php:56:CON (00,00) "CLEAR SCREEN"_



CON (01,20) "      担当得意先別　売上粗利集計表      "_



REV (01,20) (,60)_



CON (01,68) "DATE.  /  /"_



CON (01,73) "15"_



CON (01,76) "07"_



CON (01,79) "08"_



CON (12,25) "*************************"_



CON (13,25) "**                     **"_



CON (13,27) "  ソート処理実行中"_



CON (14,25) "*************************"_



CON (01,00) "CLEAR SCREEN"_



CON (03,10) "＊＊＊＊＊＊＊＊＊＊＊＊＊＊＊＊＊＊＊＊＊＊"_



CON (04,10) "＊＊＊＊＊＊＊＊＊＊＊＊＊＊＊＊＊＊＊＊＊＊"_



CON (05,10) "＊＊＊　　　　　　　　　　　　　　　　＊＊＊"_



CON (06,10) "＊＊＊　　担当得意先別　売上集計表　　＊＊＊"_



CON (07,10) "＊＊＊　　　　　　　　　　　　　　　　＊＊＊"_



CON (08,10) "＊＊＊＊＊＊＊＊＊＊＊＊＊＊＊＊＊＊＊＊＊＊"_



CON (09,10) "＊＊＊＊＊＊＊＊＊＊＊＊＊＊＊＊＊＊＊＊＊＊"_



CON (12,23) "担当ｺｰﾄﾞ  00 〜 99"_



CON (20,40) "確認  OK=1 NO=9   ﾘﾀｰﾝ"_



INP (12,33)(,35) 9 "A-STNC"_



 
Date:2015/07/08 16:26:37 |INFO    |/home/k_test/public_html/source/web/lib/clsScreen.php:56:CON (00,00) "CLEAR SCREEN"_



CON (01,20) "      担当得意先別　売上粗利集計表      "_



REV (01,20) (,60)_



CON (01,68) "DATE.  /  /"_



CON (01,73) "15"_



CON (01,76) "07"_



CON (01,79) "08"_



CON (12,25) "*************************"_



CON (13,25) "**                     **"_



CON (13,27) "  ソート処理実行中"_



CON (14,25) "*************************"_



CON (01,00) "CLEAR SCREEN"_



CON (03,10) "＊＊＊＊＊＊＊＊＊＊＊＊＊＊＊＊＊＊＊＊＊＊"_



CON (04,10) "＊＊＊＊＊＊＊＊＊＊＊＊＊＊＊＊＊＊＊＊＊＊"_



CON (05,10) "＊＊＊　　　　　　　　　　　　　　　　＊＊＊"_



CON (06,10) "＊＊＊　　担当得意先別　売上集計表　　＊＊＊"_



CON (07,10) "＊＊＊　　　　　　　　　　　　　　　　＊＊＊"_



CON (08,10) "＊＊＊＊＊＊＊＊＊＊＊＊＊＊＊＊＊＊＊＊＊＊"_



CON (09,10) "＊＊＊＊＊＊＊＊＊＊＊＊＊＊＊＊＊＊＊＊＊＊"_



CON (12,23) "担当ｺｰﾄﾞ  00 〜 99"_



CON (20,40) "確認  OK=1 NO=9   ﾘﾀｰﾝ"_



INP (12,33)(,35) 9 "A-STNC"_



 
Date:2015/07/08 16:26:40 |INFO    |/home/k_test/public_html/source/web/lib/clsScreen.php:56:CON (00,00) "CLEAR SCREEN"_



CON (01,20) "      担当得意先別　売上粗利集計表      "_



REV (01,20) (,60)_



CON (01,68) "DATE.  /  /"_



CON (01,73) "15"_



CON (01,76) "07"_



CON (01,79) "08"_



CON (12,25) "*************************"_



CON (13,25) "**                     **"_



CON (13,27) "  ソート処理実行中"_



CON (14,25) "*************************"_



CON (01,00) "CLEAR SCREEN"_



CON (03,10) "＊＊＊＊＊＊＊＊＊＊＊＊＊＊＊＊＊＊＊＊＊＊"_



CON (04,10) "＊＊＊＊＊＊＊＊＊＊＊＊＊＊＊＊＊＊＊＊＊＊"_



CON (05,10) "＊＊＊　　　　　　　　　　　　　　　　＊＊＊"_



CON (06,10) "＊＊＊　　担当得意先別　売上集計表　　＊＊＊"_



CON (07,10) "＊＊＊　　　　　　　　　　　　　　　　＊＊＊"_



CON (08,10) "＊＊＊＊＊＊＊＊＊＊＊＊＊＊＊＊＊＊＊＊＊＊"_



CON (09,10) "＊＊＊＊＊＊＊＊＊＊＊＊＊＊＊＊＊＊＊＊＊＊"_



CON (12,23) "担当ｺｰﾄﾞ  00 〜 99"_



CON (20,40) "確認  OK=1 NO=9   ﾘﾀｰﾝ"_



INP (12,33)(,35) 9 "A-STNC"_



NIN (12,33)(,35) 9 "A-STNC"_



CON (12,33) "00"_



INP (12,39)(,41) 9 "A-ETNC"_



 
Date:2015/07/08 16:26:40 |INFO    |/home/k_test/public_html/source/web/lib/clsScreen.php:264: replace :clsLine Object
(
    [strStartTag] => <div class="line l12">
    [strEndTag] => </div>
    [arrLineElem] => Array
        (
            [0] => clsLineElem Object
                (
                    [line] => 12
                    [sCol] => 23
                    [eCol] => 40
                    [type] => TEX
                    [text] => <span class="l12 f23">担当ｺｰﾄﾞ&nbsp;&nbsp;00&nbsp;〜&nbsp;99</span>
                    [attr] => 
                    [origText] => 担当ｺｰﾄﾞ  00 〜 99
                )

        )

    [echoElem] => 
    [attr] => Array
        (
        )

    [oLog] => Log Object
        (
            [errorFile:Log:private] => error.log
            [infoFile:Log:private] => info.log
            [logPath:Log:private] => ../log/
            [errorPath:Log:private] => ../log/error.log
            [infoPath:Log:private] => ../log/info.log
            [defFilePath:Log:private] => ../XXXX.log
        )

)
 
Date:2015/07/08 16:26:41 |INFO    |/home/k_test/public_html/source/web/lib/clsScreen.php:56:CON (00,00) "CLEAR SCREEN"_



CON (01,20) "      担当得意先別　売上粗利集計表      "_



REV (01,20) (,60)_



CON (01,68) "DATE.  /  /"_



CON (01,73) "15"_



CON (01,76) "07"_



CON (01,79) "08"_



CON (12,25) "*************************"_



CON (13,25) "**                     **"_



CON (13,27) "  ソート処理実行中"_



CON (14,25) "*************************"_



CON (01,00) "CLEAR SCREEN"_



CON (03,10) "＊＊＊＊＊＊＊＊＊＊＊＊＊＊＊＊＊＊＊＊＊＊"_



CON (04,10) "＊＊＊＊＊＊＊＊＊＊＊＊＊＊＊＊＊＊＊＊＊＊"_



CON (05,10) "＊＊＊　　　　　　　　　　　　　　　　＊＊＊"_



CON (06,10) "＊＊＊　　担当得意先別　売上集計表　　＊＊＊"_



CON (07,10) "＊＊＊　　　　　　　　　　　　　　　　＊＊＊"_



CON (08,10) "＊＊＊＊＊＊＊＊＊＊＊＊＊＊＊＊＊＊＊＊＊＊"_



CON (09,10) "＊＊＊＊＊＊＊＊＊＊＊＊＊＊＊＊＊＊＊＊＊＊"_



CON (12,23) "担当ｺｰﾄﾞ  00 〜 99"_



CON (20,40) "確認  OK=1 NO=9   ﾘﾀｰﾝ"_



INP (12,33)(,35) 9 "A-STNC"_



NIN (12,33)(,35) 9 "A-STNC"_



CON (12,33) "00"_



INP (12,39)(,41) 9 "A-ETNC"_



 
Date:2015/07/08 16:26:41 |INFO    |/home/k_test/public_html/source/web/lib/clsScreen.php:264: replace :clsLine Object
(
    [strStartTag] => <div class="line l12">
    [strEndTag] => </div>
    [arrLineElem] => Array
        (
            [0] => clsLineElem Object
                (
                    [line] => 12
                    [sCol] => 23
                    [eCol] => 40
                    [type] => TEX
                    [text] => <span class="l12 f23">担当ｺｰﾄﾞ&nbsp;&nbsp;00&nbsp;〜&nbsp;99</span>
                    [attr] => 
                    [origText] => 担当ｺｰﾄﾞ  00 〜 99
                )

        )

    [echoElem] => 
    [attr] => Array
        (
        )

    [oLog] => Log Object
        (
            [errorFile:Log:private] => error.log
            [infoFile:Log:private] => info.log
            [logPath:Log:private] => ../log/
            [errorPath:Log:private] => ../log/error.log
            [infoPath:Log:private] => ../log/info.log
            [defFilePath:Log:private] => ../XXXX.log
        )

)
 
Date:2015/07/08 16:26:43 |INFO    |/home/k_test/public_html/source/web/lib/clsScreen.php:56:CON (00,00) "CLEAR SCREEN"_



CON (01,20) "      担当得意先別　売上粗利集計表      "_



REV (01,20) (,60)_



CON (01,68) "DATE.  /  /"_



CON (01,73) "15"_



CON (01,76) "07"_



CON (01,79) "08"_



CON (12,25) "*************************"_



CON (13,25) "**                     **"_



CON (13,27) "  ソート処理実行中"_



CON (14,25) "*************************"_



CON (01,00) "CLEAR SCREEN"_



CON (03,10) "＊＊＊＊＊＊＊＊＊＊＊＊＊＊＊＊＊＊＊＊＊＊"_



CON (04,10) "＊＊＊＊＊＊＊＊＊＊＊＊＊＊＊＊＊＊＊＊＊＊"_



CON (05,10) "＊＊＊　　　　　　　　　　　　　　　　＊＊＊"_



CON (06,10) "＊＊＊　　担当得意先別　売上集計表　　＊＊＊"_



CON (07,10) "＊＊＊　　　　　　　　　　　　　　　　＊＊＊"_



CON (08,10) "＊＊＊＊＊＊＊＊＊＊＊＊＊＊＊＊＊＊＊＊＊＊"_



CON (09,10) "＊＊＊＊＊＊＊＊＊＊＊＊＊＊＊＊＊＊＊＊＊＊"_



CON (12,23) "担当ｺｰﾄﾞ  00 〜 99"_



CON (20,40) "確認  OK=1 NO=9   ﾘﾀｰﾝ"_



INP (12,33)(,35) 9 "A-STNC"_



NIN (12,33)(,35) 9 "A-STNC"_



CON (12,33) "00"_



INP (12,39)(,41) 9 "A-ETNC"_



NIN (12,39)(,41) 9 "A-ETNC"_



CON (12,39) "00"_



INP (12,33)(,35) 9 "A-STNC"_



 
Date:2015/07/08 16:26:43 |INFO    |/home/k_test/public_html/source/web/lib/clsScreen.php:264: replace :clsLine Object
(
    [strStartTag] => <div class="line l12">
    [strEndTag] => </div>
    [arrLineElem] => Array
        (
            [0] => clsLineElem Object
                (
                    [line] => 12
                    [sCol] => 23
                    [eCol] => 40
                    [type] => TEX
                    [text] => <span class="l12 f23">担当ｺｰﾄﾞ&nbsp;&nbsp;00&nbsp;〜&nbsp;99</span>
                    [attr] => 
                    [origText] => 担当ｺｰﾄﾞ  00 〜 99
                )

        )

    [echoElem] => 
    [attr] => Array
        (
        )

    [oLog] => Log Object
        (
            [errorFile:Log:private] => error.log
            [infoFile:Log:private] => info.log
            [logPath:Log:private] => ../log/
            [errorPath:Log:private] => ../log/error.log
            [infoPath:Log:private] => ../log/info.log
            [defFilePath:Log:private] => ../XXXX.log
        )

)
 
Date:2015/07/08 16:26:43 |INFO    |/home/k_test/public_html/source/web/lib/clsScreen.php:264: replace :clsLine Object
(
    [strStartTag] => <div class="line l12">
    [strEndTag] => </div>
    [arrLineElem] => Array
        (
            [0] => clsLineElem Object
                (
                    [line] => 12
                    [sCol] => 23
                    [eCol] => 40
                    [type] => TEX
                    [text] => <span class="l12 f23">担当ｺｰﾄﾞ&nbsp;&nbsp;&nbsp;&nbsp;&nbsp;〜&nbsp;99</span>
                    [attr] => 
                    [origText] => 担当ｺｰﾄﾞ     〜 99
                )

            [2] => clsLineElem Object
                (
                    [line] => 12
                    [sCol] => 33
                    [eCol] => 34
                    [type] => TEX
                    [text] => <span class="l12 f33">00</span>
                    [attr] => 
                    [origText] => 00
                )

        )

    [echoElem] => 
    [attr] => Array
        (
        )

    [oLog] => Log Object
        (
            [errorFile:Log:private] => error.log
            [infoFile:Log:private] => info.log
            [logPath:Log:private] => ../log/
            [errorPath:Log:private] => ../log/error.log
            [infoPath:Log:private] => ../log/info.log
            [defFilePath:Log:private] => ../XXXX.log
        )

)
 
Date:2015/07/08 16:26:44 |INFO    |/home/k_test/public_html/source/web/lib/clsScreen.php:56:CON (00,00) "CLEAR SCREEN"_



CON (01,20) "      担当得意先別　売上粗利集計表      "_



REV (01,20) (,60)_



CON (01,68) "DATE.  /  /"_



CON (01,73) "15"_



CON (01,76) "07"_



CON (01,79) "08"_



CON (12,25) "*************************"_



CON (13,25) "**                     **"_



CON (13,27) "  ソート処理実行中"_



CON (14,25) "*************************"_



CON (01,00) "CLEAR SCREEN"_



CON (03,10) "＊＊＊＊＊＊＊＊＊＊＊＊＊＊＊＊＊＊＊＊＊＊"_



CON (04,10) "＊＊＊＊＊＊＊＊＊＊＊＊＊＊＊＊＊＊＊＊＊＊"_



CON (05,10) "＊＊＊　　　　　　　　　　　　　　　　＊＊＊"_



CON (06,10) "＊＊＊　　担当得意先別　売上集計表　　＊＊＊"_



CON (07,10) "＊＊＊　　　　　　　　　　　　　　　　＊＊＊"_



CON (08,10) "＊＊＊＊＊＊＊＊＊＊＊＊＊＊＊＊＊＊＊＊＊＊"_



CON (09,10) "＊＊＊＊＊＊＊＊＊＊＊＊＊＊＊＊＊＊＊＊＊＊"_



CON (12,23) "担当ｺｰﾄﾞ  00 〜 99"_



CON (20,40) "確認  OK=1 NO=9   ﾘﾀｰﾝ"_



INP (12,33)(,35) 9 "A-STNC"_



NIN (12,33)(,35) 9 "A-STNC"_



CON (12,33) "00"_



INP (12,39)(,41) 9 "A-ETNC"_



NIN (12,39)(,41) 9 "A-ETNC"_



CON (12,39) "00"_



INP (12,33)(,35) 9 "A-STNC"_



 
Date:2015/07/08 16:26:44 |INFO    |/home/k_test/public_html/source/web/lib/clsScreen.php:264: replace :clsLine Object
(
    [strStartTag] => <div class="line l12">
    [strEndTag] => </div>
    [arrLineElem] => Array
        (
            [0] => clsLineElem Object
                (
                    [line] => 12
                    [sCol] => 23
                    [eCol] => 40
                    [type] => TEX
                    [text] => <span class="l12 f23">担当ｺｰﾄﾞ&nbsp;&nbsp;00&nbsp;〜&nbsp;99</span>
                    [attr] => 
                    [origText] => 担当ｺｰﾄﾞ  00 〜 99
                )

        )

    [echoElem] => 
    [attr] => Array
        (
        )

    [oLog] => Log Object
        (
            [errorFile:Log:private] => error.log
            [infoFile:Log:private] => info.log
            [logPath:Log:private] => ../log/
            [errorPath:Log:private] => ../log/error.log
            [infoPath:Log:private] => ../log/info.log
            [defFilePath:Log:private] => ../XXXX.log
        )

)
 
Date:2015/07/08 16:26:44 |INFO    |/home/k_test/public_html/source/web/lib/clsScreen.php:264: replace :clsLine Object
(
    [strStartTag] => <div class="line l12">
    [strEndTag] => </div>
    [arrLineElem] => Array
        (
            [0] => clsLineElem Object
                (
                    [line] => 12
                    [sCol] => 23
                    [eCol] => 40
                    [type] => TEX
                    [text] => <span class="l12 f23">担当ｺｰﾄﾞ&nbsp;&nbsp;&nbsp;&nbsp;&nbsp;〜&nbsp;99</span>
                    [attr] => 
                    [origText] => 担当ｺｰﾄﾞ     〜 99
                )

            [2] => clsLineElem Object
                (
                    [line] => 12
                    [sCol] => 33
                    [eCol] => 34
                    [type] => TEX
                    [text] => <span class="l12 f33">00</span>
                    [attr] => 
                    [origText] => 00
                )

        )

    [echoElem] => 
    [attr] => Array
        (
        )

    [oLog] => Log Object
        (
            [errorFile:Log:private] => error.log
            [infoFile:Log:private] => info.log
            [logPath:Log:private] => ../log/
            [errorPath:Log:private] => ../log/error.log
            [infoPath:Log:private] => ../log/info.log
            [defFilePath:Log:private] => ../XXXX.log
        )

)
 
Date:2015/07/08 16:26:46 |INFO    |/home/k_test/public_html/source/web/lib/clsScreen.php:56:CON (00,00) "CLEAR SCREEN"_



CON (01,20) "      担当得意先別　売上粗利集計表      "_



REV (01,20) (,60)_



CON (01,68) "DATE.  /  /"_



CON (01,73) "15"_



CON (01,76) "07"_



CON (01,79) "08"_



CON (12,25) "*************************"_



CON (13,25) "**                     **"_



CON (13,27) "  ソート処理実行中"_



CON (14,25) "*************************"_



CON (01,00) "CLEAR SCREEN"_



CON (03,10) "＊＊＊＊＊＊＊＊＊＊＊＊＊＊＊＊＊＊＊＊＊＊"_



CON (04,10) "＊＊＊＊＊＊＊＊＊＊＊＊＊＊＊＊＊＊＊＊＊＊"_



CON (05,10) "＊＊＊　　　　　　　　　　　　　　　　＊＊＊"_



CON (06,10) "＊＊＊　　担当得意先別　売上集計表　　＊＊＊"_



CON (07,10) "＊＊＊　　　　　　　　　　　　　　　　＊＊＊"_



CON (08,10) "＊＊＊＊＊＊＊＊＊＊＊＊＊＊＊＊＊＊＊＊＊＊"_



CON (09,10) "＊＊＊＊＊＊＊＊＊＊＊＊＊＊＊＊＊＊＊＊＊＊"_



CON (12,23) "担当ｺｰﾄﾞ  00 〜 99"_



CON (20,40) "確認  OK=1 NO=9   ﾘﾀｰﾝ"_



INP (12,33)(,35) 9 "A-STNC"_



NIN (12,33)(,35) 9 "A-STNC"_



CON (12,33) "00"_



INP (12,39)(,41) 9 "A-ETNC"_



NIN (12,39)(,41) 9 "A-ETNC"_



CON (12,39) "00"_



INP (12,33)(,35) 9 "A-STNC"_



NIN (12,33)(,35) 9 "A-STNC"_



CON (12,33) "00"_



CON (01,00) "CLEAR SCREEN"_



 
 
Date:2015/07/08 16:26:46 |INFO    |/home/k_test/public_html/source/web/lib/clsScreen.php:264: replace :clsLine Object
(
    [strStartTag] => <div class="line l12">
    [strEndTag] => </div>
    [arrLineElem] => Array
        (
            [0] => clsLineElem Object
                (
                    [line] => 12
                    [sCol] => 23
                    [eCol] => 40
                    [type] => TEX
                    [text] => <span class="l12 f23">担当ｺｰﾄﾞ&nbsp;&nbsp;00&nbsp;〜&nbsp;99</span>
                    [attr] => 
                    [origText] => 担当ｺｰﾄﾞ  00 〜 99
                )

        )

    [echoElem] => 
    [attr] => Array
        (
        )

    [oLog] => Log Object
        (
            [errorFile:Log:private] => error.log
            [infoFile:Log:private] => info.log
            [logPath:Log:private] => ../log/
            [errorPath:Log:private] => ../log/error.log
            [infoPath:Log:private] => ../log/info.log
            [defFilePath:Log:private] => ../XXXX.log
        )

)
 
Date:2015/07/08 16:26:46 |INFO    |/home/k_test/public_html/source/web/lib/clsScreen.php:264: replace :clsLine Object
(
    [strStartTag] => <div class="line l12">
    [strEndTag] => </div>
    [arrLineElem] => Array
        (
            [0] => clsLineElem Object
                (
                    [line] => 12
                    [sCol] => 23
                    [eCol] => 40
                    [type] => TEX
                    [text] => <span class="l12 f23">担当ｺｰﾄﾞ&nbsp;&nbsp;&nbsp;&nbsp;&nbsp;〜&nbsp;99</span>
                    [attr] => 
                    [origText] => 担当ｺｰﾄﾞ     〜 99
                )

            [2] => clsLineElem Object
                (
                    [line] => 12
                    [sCol] => 33
                    [eCol] => 34
                    [type] => TEX
                    [text] => <span class="l12 f33">00</span>
                    [attr] => 
                    [origText] => 00
                )

        )

    [echoElem] => 
    [attr] => Array
        (
        )

    [oLog] => Log Object
        (
            [errorFile:Log:private] => error.log
            [infoFile:Log:private] => info.log
            [logPath:Log:private] => ../log/
            [errorPath:Log:private] => ../log/error.log
            [infoPath:Log:private] => ../log/info.log
            [defFilePath:Log:private] => ../XXXX.log
        )

)
 
Date:2015/07/08 16:26:46 |INFO    |/home/k_test/public_html/source/web/lib/clsScreen.php:264: replace :clsLine Object
(
    [strStartTag] => <div class="line l12">
    [strEndTag] => </div>
    [arrLineElem] => Array
        (
            [0] => clsLineElem Object
                (
                    [line] => 12
                    [sCol] => 23
                    [eCol] => 40
                    [type] => TEX
                    [text] => <span class="l12 f23">担当ｺｰﾄﾞ&nbsp;&nbsp;&nbsp;&nbsp;&nbsp;〜&nbsp;&nbsp;&nbsp;</span>
                    [attr] => 
                    [origText] => 担当ｺｰﾄﾞ     〜   
                )

            [2] => clsLineElem Object
                (
                    [line] => 12
                    [sCol] => 33
                    [eCol] => 34
                    [type] => TEX
                    [text] => <span class="l12 f33">00</span>
                    [attr] => 
                    [origText] => 00
                )

            [4] => clsLineElem Object
                (
                    [line] => 12
                    [sCol] => 39
                    [eCol] => 40
                    [type] => TEX
                    [text] => <span class="l12 f39">00</span>
                    [attr] => 
                    [origText] => 00
                )

        )

    [echoElem] => 
    [attr] => Array
        (
        )

    [oLog] => Log Object
        (
            [errorFile:Log:private] => error.log
            [infoFile:Log:private] => info.log
            [logPath:Log:private] => ../log/
            [errorPath:Log:private] => ../log/error.log
            [infoPath:Log:private] => ../log/info.log
            [defFilePath:Log:private] => ../XXXX.log
        )

)
 
