  div class="line l1"><span class="reverse l1 f20">&nbsp;&nbsp;&nbsp;&nbsp;&nbsp;&nbsp;&nbsp;&nbsp;&nbsp;&nbsp;&nbsp;&nbsp;&nbsp;&nbsp;入金票　発行&nbsp;&nbsp;&nbsp;&nbsp;&nbsp;&nbsp;&nbsp;&nbsp;&nbsp;&nbsp;&nbsp;&nbsp;&nbsp;&nbsp;</span>
<span class="l1 f68">DATE.&nbsp;&nbsp;/&nbsp;&nbsp;/</span>
<span class="l1 f73">15</span>
<span class="l1 f76">12</span>
<span class="l1 f79">14</span>
</div>
 <div class="line l2"></div>
 <div class="line l3"></div>
 <div class="line l4"></div>
 <div class="line l5"></div>
 <div class="line l6"></div>
 <div class="line l7"></div>
 <div class="line l8"></div>
 <div class="line l9"></div>
 <div class="line l10"></div>
 <div class="line l11"></div>
 <div class="line l12"><span class="l12 f25">*************************</span>
</div>
 <div class="line l13"><span class="l13 f25">**&nbsp;&nbsp;&nbsp;&nbsp;&nbsp;&nbsp;&nbsp;&nbsp;&nbsp;&nbsp;&nbsp;&nbsp;&nbsp;&nbsp;&nbsp;&nbsp;&nbsp;&nbsp;&nbsp;&nbsp;&nbsp;**</span>
<span class="l13 f27">&nbsp;&nbsp;ソート処理実行中</span>
</div>
 <div class="line l14"><span class="l14 f25">*************************</span>
</div>
 <div class="line l15"></div>
 <div class="line l16"></div>
 <div class="line l17"></div>
 <div class="line l18"></div>
 <div class="line l19"></div>
 <div class="line l20"></div>
 <div class="line l21"></div>
 <div class="line l22"></div>
 <div class="line l23"></div>
 <div class="line l24"></div>
<input type="hidden" class="error"  value="../tmp/JRCODE_STN072: Permission denied.">